build/app/outputs/mapping/release/seeds.txt
com.example.chat_app1.MainActivity: MainActivity()
com.example.chat_app1.MainActivity
...
com.google.firestore.v1.StructuredQuery$Filter$FilterTypeCase: com.google.firestore.v1.StructuredQuery$Filter$FilterTypeCase valueOf(java.lang.String)
me.carda.awesome_notifications.notifications.enumerators.NotificationLayout: me.carda.awesome_notifications.notifications.enumerators.NotificationLayout valueOf(java.lang.String)
io.flutter.embedding.engine.FlutterJNI: boolean nativeFlutterTextUtilsIsEmojiModifier(int)
androidx.lifecycle.Lifecycle$Event: androidx.lifecycle.Lifecycle$Event ON_ANY
com.google.firestore.v1.Write: com.google.protobuf.Parser PARSER
com.google.firestore.v1.Target$QueryTarget: int queryTypeCase_
io.grpc.InternalChannelz$ChannelTrace$Event$Severity: io.grpc.InternalChannelz$ChannelTrace$Event$Severity valueOf(java.lang.String)
com.google.firebase.firestore.util.AsyncQueue$TimerId: com.google.firebase.firestore.util.AsyncQueue$TimerId[] values()
io.grpc.internal.MessageDeframer$State: io.grpc.internal.MessageDeframer$State valueOf(java.lang.String)
io.flutter.plugin.platform.SingleViewPresentation: void onCreate(android.os.Bundle)
io.flutter.embedding.engine.FlutterJNI: void updateJavaAssetManager(android.content.res.AssetManager,java.lang.String)
androidx.lifecycle.ProcessLifecycleOwner$3$1: void onActivityPostStarted(android.app.Activity)
com.google.protobuf.WireFormat$FieldType: com.google.protobuf.WireFormat$FieldType valueOf(java.lang.String)
io.flutter.embedding.android.FlutterImageView: android.view.Surface getSurface()
com.google.firestore.v1.CommitRequest: int DATABASE_FIELD_NUMBER
io.flutter.plugin.editing.ImeSyncDeferringInsetsCallback
io.flutter.embedding.engine.FlutterJNI: void dispatchSemanticsAction(int,io.flutter.view.AccessibilityBridge$Action)
com.google.firestore.v1.DocumentDelete: com.google.protobuf.Internal$IntList removedTargetIds_
com.google.firestore.v1.StructuredQuery$FieldFilter: com.google.firestore.v1.StructuredQuery$FieldFilter DEFAULT_INSTANCE
com.google.firebase.firestore.util.AsyncQueue$TimerId: com.google.firebase.firestore.util.AsyncQueue$TimerId valueOf(java.lang.String)
me.carda.awesome_notifications.notifications.broadcastReceivers.ScheduledNotificationReceiver
com.google.firestore.v1.WriteResponse: com.google.protobuf.Timestamp commitTime_
androidx.activity.OnBackPressedDispatcher$LifecycleOnBackPressedCancellable
com.google.firebase.firestore.model.MutableDocument$DocumentState: com.google.firebase.firestore.model.MutableDocument$DocumentState[] values()
com.google.android.gms.internal.firebase-auth-api.zzmk: android.os.Parcelable$Creator CREATOR
com.google.firestore.v1.BatchGetDocumentsRequest: com.google.firestore.v1.BatchGetDocumentsRequest DEFAULT_INSTANCE
io.flutter.plugins.firebase.core.FlutterFirebasePlugin: java.util.concurrent.ExecutorService cachedThreadPool
androidx.lifecycle.ReportFragment$LifecycleCallbacks: void onActivityCreated(android.app.Activity,android.os.Bundle)
com.google.firebase.firestore.LoadBundleTaskProgress$TaskState: com.google.firebase.firestore.LoadBundleTaskProgress$TaskState[] values()
android.support.v4.media.session.MediaSessionCompat$Token: android.os.Parcelable$Creator CREATOR
com.google.firestore.v1.TransactionOptions$ReadOnly: int consistencySelectorCase_
com.google.android.gms.internal.firebase-auth-api.zzgj
com.google.firebase.firestore.proto.Target: int RESUME_TOKEN_FIELD_NUMBER
io.flutter.plugin.editing.ImeSyncDeferringInsetsCallback$AnimationCallback: android.view.WindowInsets onProgress(android.view.WindowInsets,java.util.List)
io.flutter.embedding.android.FlutterView$ZeroSides: io.flutter.embedding.android.FlutterView$ZeroSides valueOf(java.lang.String)
androidx.media.AudioAttributesImplBaseParcelizer: void write(androidx.media.AudioAttributesImplBase,androidx.versionedparcelable.VersionedParcel)
com.google.firestore.v1.StructuredQuery$Projection
com.google.android.gms.internal.firebase-auth-api.zziv
com.google.android.gms.internal.firebase-auth-api.zzez: com.google.android.gms.internal.firebase-auth-api.zzff zze