build/app/outputs/mapping/release/mapping.txt
# compiler: R8
# compiler_version: 2.1.62
# min_api: 20
# pg_map_id: c50910a
# common_typos_disable
...
androidx.activity.OnBackPressedDispatcher -> androidx.activity.OnBackPressedDispatcher:
    java.lang.Runnable mFallbackOnBackPressed -> a
    java.util.ArrayDeque mOnBackPressedCallbacks -> b
    void addCallback(androidx.lifecycle.LifecycleOwner,androidx.activity.OnBackPressedCallback) -> a
    androidx.activity.Cancellable addCancellableCallback(androidx.activity.OnBackPressedCallback) -> b
    void onBackPressed() -> c
androidx.activity.OnBackPressedDispatcher$LifecycleOnBackPressedCancellable -> androidx.activity.OnBackPressedDispatcher$LifecycleOnBackPressedCancellable:
    androidx.lifecycle.Lifecycle mLifecycle -> a
    androidx.activity.OnBackPressedCallback mOnBackPressedCallback -> b
    androidx.activity.OnBackPressedDispatcher this$0 -> d
    androidx.activity.Cancellable mCurrentCancellable -> c
    void onStateChanged(androidx.lifecycle.LifecycleOwner,androidx.lifecycle.Lifecycle$Event) -> d
androidx.activity.OnBackPressedDispatcher$OnBackPressedCancellable -> androidx.activity.OnBackPressedDispatcher$a:
    androidx.activity.OnBackPressedCallback mOnBackPressedCallback -> a
    androidx.activity.OnBackPressedDispatcher this$0 -> b
androidx.activity.OnBackPressedDispatcherOwner -> androidx.activity.c:
    androidx.activity.OnBackPressedDispatcher getOnBackPressedDispatcher() -> i
androidx.arch.core.executor.ArchTaskExecutor -> b.a.a.a.a:
    androidx.arch.core.executor.ArchTaskExecutor sInstance -> c
    androidx.arch.core.executor.TaskExecutor mDefaultTaskExecutor -> b
    androidx.arch.core.executor.TaskExecutor mDelegate -> a
    boolean isMainThread() -> a
    androidx.arch.core.executor.ArchTaskExecutor getInstance() -> b
androidx.arch.core.executor.DefaultTaskExecutor -> b.a.a.a.b:
    java.lang.Object mLock -> a
    java.util.concurrent.ExecutorService mDiskIO -> b
    boolean isMainThread() -> a
androidx.arch.core.executor.DefaultTaskExecutor$1 -> b.a.a.a.b$a:
    java.util.concurrent.atomic.AtomicInteger mThreadId -> c
androidx.arch.core.executor.TaskExecutor -> b.a.a.a.c:
    boolean isMainThread() -> a
androidx.arch.core.internal.FastSafeIterableMap -> b.a.a.b.a:
    java.util.HashMap mHashMap -> g
    androidx.arch.core.internal.SafeIterableMap$Entry get(java.lang.Object) -> p
    java.lang.Object putIfAbsent(java.lang.Object,java.lang.Object) -> t
    java.lang.Object remove(java.lang.Object) -> u
    java.util.Map$Entry ceil(java.lang.Object) -> v
androidx.arch.core.internal.SafeIterableMap -> b.a.a.b.b:
    androidx.arch.core.internal.SafeIterableMap$Entry mStart -> c
    androidx.arch.core.internal.SafeIterableMap$Entry mEnd -> d
    int mSize -> f
    java.util.WeakHashMap mIterators -> e
    java.util.Map$Entry eldest() -> j
    androidx.arch.core.internal.SafeIterableMap$Entry get(java.lang.Object) -> p
    androidx.arch.core.internal.SafeIterableMap$IteratorWithAdditions iteratorWithAdditions() -> q
    java.util.Map$Entry newest() -> r
    androidx.arch.core.internal.SafeIterableMap$Entry put(java.lang.Object,java.lang.Object) -> s
    java.lang.Object putIfAbsent(java.lang.Object,java.lang.Object) -> t
    java.lang.Object remove(java.lang.Object) -> u
androidx.arch.core.internal.SafeIterableMap$AscendingIterator -> b.a.a.b.b$a:
    androidx.arch.core.internal.SafeIterableMap$Entry backward(androidx.arch.core.internal.SafeIterableMap$Entry) -> d
    androidx.arch.core.internal.SafeIterableMap$Entry forward(androidx.arch.core.internal.SafeIterableMap$Entry) -> e
androidx.arch.core.internal.SafeIterableMap$DescendingIterator -> b.a.a.b.b$b:
    androidx.arch.core.internal.SafeIterableMap$Entry backward(androidx.arch.core.internal.SafeIterableMap$Entry) -> d
    androidx.arch.core.internal.SafeIterableMap$Entry forward(androidx.arch.core.internal.SafeIterableMap$Entry) -> e