build/app/outputs/mapping/release/usage.txt
com.example.chat_app1.R$integer
com.example.chat_app1.R
com.example.chat_app1.R$color
com.example.chat_app1.R$style
com.example.chat_app1.R$drawable
com.example.chat_app1.R$dimen
com.example.chat_app1.R$attr
com.example.chat_app1.R$string
com.example.chat_app1.R$mipmap
com.example.chat_app1.BuildConfig
com.example.chat_app1.R$id
com.example.chat_app1.R$styleable
com.example.chat_app1.R$layout
...
com.google.firebase.firestore.R$style
com.google.android.gms.tasks.zzg:
    public final void cancel()
com.google.common.util.concurrent.ServiceManager$EmptyServiceManagerWarning
com.google.firestore.v1.TransactionOptions$ReadWrite:
    private void setRetryTransaction(com.google.protobuf.ByteString)
    private void clearRetryTransaction()
    public static com.google.firestore.v1.TransactionOptions$ReadWrite parseFrom(java.nio.ByteBuffer)
    public static com.google.firestore.v1.TransactionOptions$ReadWrite parseFrom(java.nio.ByteBuffer,com.google.protobuf.ExtensionRegistryLite)
    public static com.google.firestore.v1.TransactionOptions$ReadWrite parseFrom(com.google.protobuf.ByteString)
    public static com.google.firestore.v1.TransactionOptions$ReadWrite parseFrom(com.google.protobuf.ByteString,com.google.protobuf.ExtensionRegistryLite)
    public static com.google.firestore.v1.TransactionOptions$ReadWrite parseFrom(byte[])
    public static com.google.firestore.v1.TransactionOptions$ReadWrite parseFrom(byte[],com.google.protobuf.ExtensionRegistryLite)
    public static com.google.firestore.v1.TransactionOptions$ReadWrite parseFrom(java.io.InputStream)
    public static com.google.firestore.v1.TransactionOptions$ReadWrite parseFrom(java.io.InputStream,com.google.protobuf.ExtensionRegistryLite)
    public static com.google.firestore.v1.TransactionOptions$ReadWrite parseDelimitedFrom(java.io.InputStream)
    public static com.google.firestore.v1.TransactionOptions$ReadWrite parseDelimitedFrom(java.io.InputStream,com.google.protobuf.ExtensionRegistryLite)
androidx.annotation.RestrictTo$Scope
com.google.common.util.concurrent.CycleDetectingLockFactory
com.google.common.cache.CacheBuilderSpec$ValueParser
kotlin.coroutines.experimental.ContinuationInterceptor
com.google.gson.internal.$Gson$Types:
    private void <init>()
androidx.core.app.NotificationCompatJellybean:
    public static androidx.core.app.NotificationCompat$Action readAction(int,java.lang.CharSequence,android.app.PendingIntent,android.os.Bundle)
    public static int getActionCount(android.app.Notification)
    public static androidx.core.app.NotificationCompat$Action getAction(android.app.Notification,int)
    private static java.lang.Object[] getActionObjectsLocked(android.app.Notification)
    private static boolean ensureActionReflectionReadyLocked()
    static androidx.core.app.NotificationCompat$Action getActionFromBundle(android.os.Bundle)
    private static androidx.core.app.RemoteInput fromBundle(android.os.Bundle)
    private static androidx.core.app.RemoteInput[] fromBundleArray(android.os.Bundle[])
    private static android.os.Bundle[] getBundleArrayFromBundle(android.os.Bundle,java.lang.String)
    private void <init>()
    public static final java.lang.String TAG
    static final java.lang.String EXTRA_DATA_ONLY_REMOTE_INPUTS
    static final java.lang.String EXTRA_ALLOW_GENERATED_REPLIES
    private static final java.lang.String KEY_ICON
    private static final java.lang.String KEY_TITLE
    private static final java.lang.String KEY_ACTION_INTENT
    private static final java.lang.String KEY_EXTRAS
    private static final java.lang.String KEY_REMOTE_INPUTS
    private static final java.lang.String KEY_DATA_ONLY_REMOTE_INPUTS
    private static final java.lang.String KEY_RESULT_KEY
com.google.rpc.context.AttributeContext$Resource$LabelsDefaultEntryHolder
com.google.common.eventbus.SubscriberRegistry$1
com.google.protobuf.MapEntryLite$1
io.flutter.plugins.firebase.firestore.R$attr
io.flutter.embedding.android.FlutterFragment$ActivityCallThrough
com.google.common.hash.MacHashFunction
com.google.common.graph.AbstractNetwork$1
com.google.common.collect.AbstractMultimap
com.google.android.gms.common.api.Api$ApiOptions$HasOptions
com.squareup.okhttp.internal.http.Http1xStream$FixedLengthSource
com.google.common.util.concurrent.AtomicDouble
com.squareup.okhttp.internal.DiskLruCache$2
androidx.fragment.R$color